<?xml version="1.0" encoding="UTF-8" ?>
<testsuite tests="10" failures="0" name="DesigniteTests.SM_TypeTest" time="0.959" errors="0" skipped="0">
  <properties>
[...]
</properties>
  <testcase classname="DesigniteTests.SM_TypeTest" name="SM_Type_nullTypeDeclaration" time="0.031"/>
  <testcase classname="DesigniteTests.SM_TypeTest" name="testHierarchyGraph" time="0.366"/>
  <testcase classname="DesigniteTests.SM_TypeTest" name="SM_Type_check_isAbstract" time="0.032"/>
  <testcase classname="DesigniteTests.SM_TypeTest" name="SM_Type_check_isNestedClass" time="0.172"/>
  <testcase classname="DesigniteTests.SM_TypeTest" name="SM_Type_checkDefaultAccess" time="0.019"/>
  <testcase classname="DesigniteTests.SM_TypeTest" name="SM_Type_check_isInterface" time="0.019"/>
  <testcase classname="DesigniteTests.SM_TypeTest" name="SM_Type_nullCompilationUnit" time="0.022"/>
  <testcase classname="DesigniteTests.SM_TypeTest" name="SM_Type_countFields" time="0.136"/>
  <testcase classname="DesigniteTests.SM_TypeTest" name="SM_Type_getName" time="0.02"/>
  <testcase classname="DesigniteTests.SM_TypeTest" name="SM_Type_countMethods" time="0.142"/>
</testsuite>